Unsupposrted library path: D:\pleiades\1.12.2\workspace\PolishedLib\build\classes\api
Unsupposrted library path: D:\pleiades\1.12.2\workspace\PolishedLib\build\resources\api
Symbol range map extraction starting
Processing 20 files
startProcessing "ryoryo/polishedlib/PolishedLib.java" md5: 9ecd5a2810a273ef86372a8775d44c25
endProcessing "ryoryo/polishedlib/PolishedLib.java"

startProcessing "ryoryo/polishedlib/block/BlockBaseDoor.java" md5: 103f436dcc870f934896dbf07f19ddab
endProcessing "ryoryo/polishedlib/block/BlockBaseDoor.java"

startProcessing "ryoryo/polishedlib/block/BlockBaseSlab.java" md5: 7ce652a85792ab0103e723d3cf4809b5
endProcessing "ryoryo/polishedlib/block/BlockBaseSlab.java"

startProcessing "ryoryo/polishedlib/block/BlockBaseStairs.java" md5: c9fc334d557d7cb7604d699cf860e7d1
endProcessing "ryoryo/polishedlib/block/BlockBaseStairs.java"

startProcessing "ryoryo/polishedlib/block/BlockBaseWall.java" md5: d66cd5ef28358a035d323af062c51db1
endProcessing "ryoryo/polishedlib/block/BlockBaseWall.java"

startProcessing "ryoryo/polishedlib/item/ItemBase.java" md5: b6df24591d3595c2a51debc4c4abb4b4
endProcessing "ryoryo/polishedlib/item/ItemBase.java"

startProcessing "ryoryo/polishedlib/item/ItemBaseArmor.java" md5: ae8c4093af9d52bdff3042ab6e9cb2a2
endProcessing "ryoryo/polishedlib/item/ItemBaseArmor.java"

startProcessing "ryoryo/polishedlib/item/ItemBaseFood.java" md5: 6a24a365fec5901aa775971cada863a4
endProcessing "ryoryo/polishedlib/item/ItemBaseFood.java"

startProcessing "ryoryo/polishedlib/itemblock/ItemBlockMeta.java" md5: 44d2253399873521e8e52322cfa73610
endProcessing "ryoryo/polishedlib/itemblock/ItemBlockMeta.java"

startProcessing "ryoryo/polishedlib/itemblock/ItemBlockSimple.java" md5: 32869be89d7392f3d08ba26475e4e049
endProcessing "ryoryo/polishedlib/itemblock/ItemBlockSimple.java"

startProcessing "ryoryo/polishedlib/proxy/ClientProxy.java" md5: 7681517983dce4d000415667cf0d70a9
endProcessing "ryoryo/polishedlib/proxy/ClientProxy.java"

startProcessing "ryoryo/polishedlib/proxy/CommonProxy.java" md5: 11c942cf6296052c092fdc822d16d87c
endProcessing "ryoryo/polishedlib/proxy/CommonProxy.java"

startProcessing "ryoryo/polishedlib/util/EnumArmorType.java" md5: 5cfa91cf94b895aba74b98716dd76b3c
endProcessing "ryoryo/polishedlib/util/EnumArmorType.java"

startProcessing "ryoryo/polishedlib/util/EnumColor.java" md5: 7c80d148011167c1444ede04e39c176d
endProcessing "ryoryo/polishedlib/util/EnumColor.java"

startProcessing "ryoryo/polishedlib/util/EnumPlanks.java" md5: bec04a82430e91b8486785f98de057b1
endProcessing "ryoryo/polishedlib/util/EnumPlanks.java"

startProcessing "ryoryo/polishedlib/util/EnumSimpleFacing.java" md5: bd5836488e2a49c87dd00cb66fd0722c
endProcessing "ryoryo/polishedlib/util/EnumSimpleFacing.java"

startProcessing "ryoryo/polishedlib/util/LibTool.java" md5: 2e64b195cba707b343c42bc971ca8a6f
endProcessing "ryoryo/polishedlib/util/LibTool.java"

startProcessing "ryoryo/polishedlib/util/ModCompat.java" md5: e552226869efcf7ffb2418e5c63cc8e2
endProcessing "ryoryo/polishedlib/util/ModCompat.java"

startProcessing "ryoryo/polishedlib/util/References.java" md5: 34b3c8af806cf078137b206ee88bd7c3
endProcessing "ryoryo/polishedlib/util/References.java"

startProcessing "ryoryo/polishedlib/util/Utils.java" md5: 92856de7946cea4b581bf42f08880ba0
endProcessing "ryoryo/polishedlib/util/Utils.java"

