Processing 20 files
Start Processing: ryoryo/polishedlib/PolishedLib.java
Import: net.minecraftforge.fml.common.Mod
Import: net.minecraftforge.fml.common.Mod.EventHandler
Import: net.minecraftforge.fml.common.Mod.Instance
Import: net.minecraftforge.fml.common.SidedProxy
Import: net.minecraftforge.fml.common.event.FMLInitializationEvent
Import: net.minecraftforge.fml.common.event.FMLLoadCompleteEvent
Import: net.minecraftforge.fml.common.event.FMLPostInitializationEvent
Import: net.minecraftforge.fml.common.event.FMLPreInitializationEvent
Import: ryoryo.polishedlib.proxy.CommonProxy
Import: ryoryo.polishedlib.util.References
End  Processing: ryoryo/polishedlib/PolishedLib.java

Start Processing: ryoryo/polishedlib/block/BlockBaseDoor.java
FOUND CONSTR method ryoryo/polishedlib/block/BlockBaseDoor/BlockBaseDoor (Lnet/minecraft/block/material/Material;Ljava/lang/String;Lnet/minecraft/creativetab/CreativeTabs;Lnet/minecraft/block/SoundType;ZZ)V ryoryo/polishedlib/block/BlockBaseDoor
Rename method net/minecraft/block/Block/setCreativeTab (Lnet/minecraft/creativetab/CreativeTabs;)Lnet/minecraft/block/Block;[893,907]::setCreativeTab->func_149647_a
Rename method net/minecraft/block/Block/setUnlocalizedName (Ljava/lang/String;)Lnet/minecraft/block/Block;[921,939]::setUnlocalizedName->func_149663_c
Rename method net/minecraft/block/Block/setSoundType (Lnet/minecraft/block/SoundType;)Lnet/minecraft/block/Block;[960,972]::setSoundType->func_149672_a
FOUND CONSTR method ryoryo/polishedlib/block/BlockBaseDoor/BlockBaseDoor (Ljava/lang/String;Lnet/minecraft/creativetab/CreativeTabs;)V ryoryo/polishedlib/block/BlockBaseDoor
Rename field net/minecraft/block/material/Material/WOOD[1117,1121]::WOOD->field_151575_d
Rename field net/minecraft/block/SoundType/WOOD[1154,1158]::WOOD->field_185848_a
FOUND CONSTR method ryoryo/polishedlib/block/BlockBaseDoor/BlockBaseDoor (Lnet/minecraft/block/material/Material;Ljava/lang/String;Lnet/minecraft/creativetab/CreativeTabs;Lnet/minecraft/block/SoundType;)V ryoryo/polishedlib/block/BlockBaseDoor
Rename method net/minecraft/block/Block/getItemDropped (Lnet/minecraft/block/state/IBlockState;Ljava/util/Random;I)Lnet/minecraft/item/Item;[1378,1392]::getItemDropped->func_180660_a
Rename method net/minecraft/block/state/IBlockState/getValue (Lnet/minecraft/block/properties/IProperty;)Ljava/lang/Comparable;[1457,1465]::getValue->func_177229_b
Rename field net/minecraft/block/BlockDoor/HALF[1471,1475]::HALF->field_176523_O
New Key: class net/minecraft/block/BlockDoor
Rename method net/minecraft/item/Item/getItemFromBlock (Lnet/minecraft/block/Block;)Lnet/minecraft/item/Item;[1533,1549]::getItemFromBlock->func_150898_a
Rename method net/minecraft/block/Block/getItem (Lnet/minecraft/world/World;Lnet/minecraft/util/math/BlockPos;Lnet/minecraft/block/state/IBlockState;)Lnet/minecraft/item/ItemStack;[1591,1598]::getItem->func_185473_a
Rename method net/minecraft/block/Block/onBlockActivated (Lnet/minecraft/world/World;Lnet/minecraft/util/math/BlockPos;Lnet/minecraft/block/state/IBlockState;Lnet/minecraft/entity/player/EntityPlayer;Lnet/minecraft/util/EnumHand;Lnet/minecraft/util/EnumFacing;FFF)Z[1880,1896]::onBlockActivated->func_180639_a
Rename method net/minecraft/block/state/IBlockState/getValue (Lnet/minecraft/block/properties/IProperty;)Ljava/lang/Comparable;[2128,2136]::getValue->func_177229_b
Rename field net/minecraft/block/BlockDoor/HALF[2142,2146]::HALF->field_176523_O
New Key: class net/minecraft/block/BlockDoor
Rename method net/minecraft/util/math/BlockPos/down ()Lnet/minecraft/util/math/BlockPos;[2202,2206]::down->func_177977_b
Rename method net/minecraft/world/IBlockAccess/getBlockState (Lnet/minecraft/util/math/BlockPos;)Lnet/minecraft/block/state/IBlockState;[2286,2299]::getBlockState->func_180495_p
Rename method net/minecraft/block/state/IBlockState/getBlock ()Lnet/minecraft/block/Block;[2332,2340]::getBlock->func_177230_c
Rename method net/minecraft/block/state/IBlockState/cycleProperty (Lnet/minecraft/block/properties/IProperty;)Lnet/minecraft/block/state/IBlockState;[2428,2441]::cycleProperty->func_177231_a
Rename field net/minecraft/block/BlockDoor/OPEN[2442,2446]::OPEN->field_176519_b
Rename method net/minecraft/world/World/setBlockState (Lnet/minecraft/util/math/BlockPos;Lnet/minecraft/block/state/IBlockState;I)Z[2470,2483]::setBlockState->func_180501_a
Rename method net/minecraft/world/World/markBlockRangeForRenderUpdate (Lnet/minecraft/util/math/BlockPos;Lnet/minecraft/util/math/BlockPos;)V[2517,2546]::markBlockRangeForRenderUpdate->func_175704_b
Rename method net/minecraft/world/World/playEvent (Lnet/minecraft/entity/player/EntityPlayer;ILnet/minecraft/util/math/BlockPos;I)V[2558,2567]::playEvent->func_180498_a
Rename method net/minecraft/block/state/IBlockState/getValue (Lnet/minecraft/block/properties/IProperty;)Ljava/lang/Comparable;[2586,2594]::getValue->func_177229_b
Rename field net/minecraft/block/BlockDoor/OPEN[2600,2604]::OPEN->field_176519_b
Rename method net/minecraft/block/Block/neighborChanged (Lnet/minecraft/block/state/IBlockState;Lnet/minecraft/world/World;Lnet/minecraft/util/math/BlockPos;Lnet/minecraft/block/Block;Lnet/minecraft/util/math/BlockPos;)V[2747,2762]::neighborChanged->func_189540_a
Rename method net/minecraft/block/state/IBlockState/getValue (Lnet/minecraft/block/properties/IProperty;)Ljava/lang/Comparable;[2854,2862]::getValue->func_177229_b
Rename field net/minecraft/block/BlockDoor/HALF[2868,2872]::HALF->field_176523_O
New Key: class net/minecraft/block/BlockDoor
Rename method net/minecraft/util/math/BlockPos/down ()Lnet/minecraft/util/math/BlockPos;[2946,2950]::down->func_177977_b
Rename method net/minecraft/world/IBlockAccess/getBlockState (Lnet/minecraft/util/math/BlockPos;)Lnet/minecraft/block/state/IBlockState;[2994,3007]::getBlockState->func_180495_p
Rename method net/minecraft/block/state/IBlockState/getBlock ()Lnet/minecraft/block/Block;[3031,3039]::getBlock->func_177230_c
Rename method net/minecraft/world/World/setBlockToAir (Lnet/minecraft/util/math/BlockPos;)Z[3073,3086]::setBlockToAir->func_175698_g
Rename method net/minecraft/block/state/IBlockBehaviors/neighborChanged (Lnet/minecraft/world/World;Lnet/minecraft/util/math/BlockPos;Lnet/minecraft/block/Block;Lnet/minecraft/util/math/BlockPos;)V[3144,3159]::neighborChanged->func_189546_a
Rename method net/minecraft/util/math/BlockPos/up ()Lnet/minecraft/util/math/BlockPos;[3263,3265]::up->func_177984_a
Rename method net/minecraft/world/IBlockAccess/getBlockState (Lnet/minecraft/util/math/BlockPos;)Lnet/minecraft/block/state/IBlockState;[3311,3324]::getBlockState->func_180495_p
Rename method net/minecraft/block/state/IBlockState/getBlock ()Lnet/minecraft/block/Block;[3348,3356]::getBlock->func_177230_c
Rename method net/minecraft/world/World/setBlockToAir (Lnet/minecraft/util/math/BlockPos;)Z[3390,3403]::setBlockToAir->func_175698_g
Rename method net/minecraft/world/IBlockAccess/getBlockState (Lnet/minecraft/util/math/BlockPos;)Lnet/minecraft/block/state/IBlockState;[3451,3464]::getBlockState->func_180495_p
Rename method net/minecraft/util/math/BlockPos/down ()Lnet/minecraft/util/math/BlockPos;[3469,3473]::down->func_177977_b
Rename method net/minecraft/util/math/BlockPos/down ()Lnet/minecraft/util/math/BlockPos;[3509,3513]::down->func_177977_b
Rename method net/minecraft/world/World/setBlockToAir (Lnet/minecraft/util/math/BlockPos;)Z[3559,3572]::setBlockToAir->func_175698_g
Rename method net/minecraft/block/state/IBlockState/getBlock ()Lnet/minecraft/block/Block;[3615,3623]::getBlock->func_177230_c
Rename method net/minecraft/world/World/setBlockToAir (Lnet/minecraft/util/math/BlockPos;)Z[3659,3672]::setBlockToAir->func_175698_g
Rename field net/minecraft/world/World/isRemote[3730,3738]::isRemote->field_72995_K
Rename method net/minecraft/block/Block/dropBlockAsItem (Lnet/minecraft/world/World;Lnet/minecraft/util/math/BlockPos;Lnet/minecraft/block/state/IBlockState;I)V[3763,3778]::dropBlockAsItem->func_176226_b
Rename method net/minecraft/world/World/isBlockPowered (Lnet/minecraft/util/math/BlockPos;)Z[3854,3868]::isBlockPowered->func_175640_z
Rename method net/minecraft/world/World/isBlockPowered (Lnet/minecraft/util/math/BlockPos;)Z[3882,3896]::isBlockPowered->func_175640_z
Rename method net/minecraft/block/Block/getDefaultState ()Lnet/minecraft/block/state/IBlockState;[3945,3960]::getDefaultState->func_176223_P
Rename method net/minecraft/block/state/IBlockProperties/canProvidePower ()Z[3961,3976]::canProvidePower->func_185897_m
Rename method net/minecraft/block/state/IBlockState/getValue (Lnet/minecraft/block/properties/IProperty;)Ljava/lang/Comparable;[3996,4004]::getValue->func_177229_b
Rename field net/minecraft/block/BlockDoor/POWERED[4010,4017]::POWERED->field_176522_N
Rename method net/minecraft/world/World/setBlockState (Lnet/minecraft/util/math/BlockPos;Lnet/minecraft/block/state/IBlockState;I)Z[4061,4074]::setBlockState->func_180501_a
Rename method net/minecraft/block/state/IBlockState/withProperty (Lnet/minecraft/block/properties/IProperty;Ljava/lang/Comparable;)Lnet/minecraft/block/state/IBlockState;[4088,4100]::withProperty->func_177226_a
Rename field net/minecraft/block/BlockDoor/POWERED[4102,4109]::POWERED->field_176522_N
Rename method net/minecraft/block/state/IBlockState/getValue (Lnet/minecraft/block/properties/IProperty;)Ljava/lang/Comparable;[4171,4179]::getValue->func_177229_b
Rename field net/minecraft/block/BlockDoor/OPEN[4185,4189]::OPEN->field_176519_b
Rename method net/minecraft/world/World/setBlockState (Lnet/minecraft/util/math/BlockPos;Lnet/minecraft/block/state/IBlockState;I)Z[4238,4251]::setBlockState->func_180501_a
Rename method net/minecraft/block/state/IBlockState/withProperty (Lnet/minecraft/block/properties/IProperty;Ljava/lang/Comparable;)Lnet/minecraft/block/state/IBlockState;[4263,4275]::withProperty->func_177226_a
Rename field net/minecraft/block/BlockDoor/OPEN[4277,4281]::OPEN->field_176519_b
Rename method net/minecraft/world/World/markBlockRangeForRenderUpdate (Lnet/minecraft/util/math/BlockPos;Lnet/minecraft/util/math/BlockPos;)V[4334,4363]::markBlockRangeForRenderUpdate->func_175704_b
Rename method net/minecraft/world/World/playEvent (Lnet/minecraft/entity/player/EntityPlayer;ILnet/minecraft/util/math/BlockPos;I)V[4372,4381]::playEvent->func_180498_a
Import: java.util.Random
Adding 14 imports
        javax.annotation.Nullable
        net.minecraft.block.Block
        net.minecraft.block.BlockDoor
        net.minecraft.block.SoundType
        net.minecraft.block.material.Material
        net.minecraft.block.state.IBlockState
        net.minecraft.creativetab.CreativeTabs
        net.minecraft.entity.player.EntityPlayer
        net.minecraft.item.Item
        net.minecraft.item.ItemStack
        net.minecraft.util.EnumFacing
        net.minecraft.util.EnumHand
        net.minecraft.util.math.BlockPos
        net.minecraft.world.World
End  Processing: ryoryo/polishedlib/block/BlockBaseDoor.java

Start Processing: ryoryo/polishedlib/block/BlockBaseSlab.java
FOUND CONSTR method ryoryo/polishedlib/block/BlockBaseSlab/BlockBaseSlab (Lnet/minecraft/block/material/Material;Ljava/lang/String;Lnet/minecraft/creativetab/CreativeTabs;FFLnet/minecraft/block/SoundType;)V ryoryo/polishedlib/block/BlockBaseSlab
Rename method net/minecraft/block/Block/setCreativeTab (Lnet/minecraft/creativetab/CreativeTabs;)Lnet/minecraft/block/Block;[429,443]::setCreativeTab->func_149647_a
Rename method net/minecraft/block/BlockSlab/isDouble ()Z[488,496]::isDouble->func_176552_j
Rename method net/minecraft/block/Block/setUnlocalizedName (Ljava/lang/String;)Lnet/minecraft/block/Block;[547,565]::setUnlocalizedName->func_149663_c
Rename method net/minecraft/block/Block/setHardness (F)Lnet/minecraft/block/Block;[579,590]::setHardness->func_149711_c
Rename method net/minecraft/block/Block/setResistance (F)Lnet/minecraft/block/Block;[612,625]::setResistance->func_149752_b
Rename method net/minecraft/block/Block/setSoundType (Lnet/minecraft/block/SoundType;)Lnet/minecraft/block/Block;[647,659]::setSoundType->func_149672_a
Import: net.minecraft.block.BlockSlab
Import: net.minecraft.block.SoundType
Import: net.minecraft.block.material.Material
Import: net.minecraft.creativetab.CreativeTabs
End  Processing: ryoryo/polishedlib/block/BlockBaseSlab.java

Start Processing: ryoryo/polishedlib/block/BlockBaseStairs.java
FOUND CONSTR method ryoryo/polishedlib/block/BlockBaseStairs/BlockBaseStairs (Lnet/minecraft/block/state/IBlockState;)V ryoryo/polishedlib/block/BlockBaseStairs
Rename method net/minecraft/block/Block/setUnlocalizedName (Ljava/lang/String;)Lnet/minecraft/block/Block;[262,280]::setUnlocalizedName->func_149663_c
Rename method net/minecraft/block/state/IBlockState/getBlock ()Lnet/minecraft/block/Block;[287,295]::getBlock->func_177230_c
Rename method net/minecraft/block/Block/getUnlocalizedName ()Ljava/lang/String;[303,321]::getUnlocalizedName->func_149739_a
FOUND CONSTR method ryoryo/polishedlib/block/BlockBaseStairs/BlockBaseStairs (Lnet/minecraft/block/state/IBlockState;Ljava/lang/String;)V ryoryo/polishedlib/block/BlockBaseStairs
Rename method net/minecraft/block/Block/setUnlocalizedName (Ljava/lang/String;)Lnet/minecraft/block/Block;[446,464]::setUnlocalizedName->func_149663_c
Import: net.minecraft.block.BlockStairs
Import: net.minecraft.block.state.IBlockState
End  Processing: ryoryo/polishedlib/block/BlockBaseStairs.java

Start Processing: ryoryo/polishedlib/block/BlockBaseWall.java
FOUND CONSTR method ryoryo/polishedlib/block/BlockBaseWall/BlockBaseWall (Lnet/minecraft/block/Block;)V ryoryo/polishedlib/block/BlockBaseWall
Rename method net/minecraft/block/Block/setUnlocalizedName (Ljava/lang/String;)Lnet/minecraft/block/Block;[717,735]::setUnlocalizedName->func_149663_c
Rename method net/minecraft/block/Block/getUnlocalizedName ()Ljava/lang/String;[741,759]::getUnlocalizedName->func_149739_a
FOUND CONSTR method ryoryo/polishedlib/block/BlockBaseWall/BlockBaseWall (Lnet/minecraft/block/Block;Ljava/lang/String;)V ryoryo/polishedlib/block/BlockBaseWall
Rename method net/minecraft/block/Block/setUnlocalizedName (Ljava/lang/String;)Lnet/minecraft/block/Block;[874,892]::setUnlocalizedName->func_149663_c
Rename method net/minecraft/world/IBlockAccess/getBlockState (Lnet/minecraft/util/math/BlockPos;)Lnet/minecraft/block/state/IBlockState;[1019,1032]::getBlockState->func_180495_p
Rename method net/minecraft/block/state/IBlockState/getBlock ()Lnet/minecraft/block/Block;[1068,1076]::getBlock->func_177230_c
Rename field net/minecraft/init/Blocks/BARRIER[1111,1118]::BARRIER->field_180401_cv
Rename method net/minecraft/block/Block/getMaterial (Lnet/minecraft/block/state/IBlockState;)Lnet/minecraft/block/material/Material;[1232,1243]::getMaterial->func_149688_o
Rename method net/minecraft/block/material/Material/isOpaque ()Z[1259,1267]::isOpaque->func_76218_k
Rename method net/minecraft/block/state/IBlockProperties/isFullCube ()Z[1289,1299]::isFullCube->func_185917_h
Rename method net/minecraft/block/Block/getMaterial (Lnet/minecraft/block/state/IBlockState;)Lnet/minecraft/block/material/Material;[1313,1324]::getMaterial->func_149688_o
Rename field net/minecraft/block/material/Material/GOURD[1352,1357]::GOURD->field_151572_C
Rename method net/minecraft/block/Block/getActualState (Lnet/minecraft/block/state/IBlockState;Lnet/minecraft/world/IBlockAccess;Lnet/minecraft/util/math/BlockPos;)Lnet/minecraft/block/state/IBlockState;[1412,1426]::getActualState->func_176221_a
Rename method net/minecraft/util/math/BlockPos/north ()Lnet/minecraft/util/math/BlockPos;[1534,1539]::north->func_177978_c
Rename method net/minecraft/util/math/BlockPos/east ()Lnet/minecraft/util/math/BlockPos;[1602,1606]::east->func_177974_f
Rename method net/minecraft/util/math/BlockPos/south ()Lnet/minecraft/util/math/BlockPos;[1670,1675]::south->func_177968_d
Rename method net/minecraft/util/math/BlockPos/west ()Lnet/minecraft/util/math/BlockPos;[1738,1742]::west->func_177976_e
Rename method net/minecraft/block/state/IBlockState/withProperty (Lnet/minecraft/block/properties/IProperty;Ljava/lang/Comparable;)Lnet/minecraft/block/state/IBlockState;[1863,1875]::withProperty->func_177226_a
Rename field net/minecraft/block/BlockWall/UP[1877,1879]::UP->field_176256_a
Rename method net/minecraft/world/IBlockAccess/isAirBlock (Lnet/minecraft/util/math/BlockPos;)Z[1928,1938]::isAirBlock->func_175623_d
Rename method net/minecraft/util/math/BlockPos/up ()Lnet/minecraft/util/math/BlockPos;[1946,1948]::up->func_177984_a
Rename method net/minecraft/block/state/IBlockState/withProperty (Lnet/minecraft/block/properties/IProperty;Ljava/lang/Comparable;)Lnet/minecraft/block/state/IBlockState;[1965,1977]::withProperty->func_177226_a
Rename field net/minecraft/block/BlockWall/NORTH[1979,1984]::NORTH->field_176254_b
Rename method net/minecraft/block/state/IBlockState/withProperty (Lnet/minecraft/block/properties/IProperty;Ljava/lang/Comparable;)Lnet/minecraft/block/state/IBlockState;[2018,2030]::withProperty->func_177226_a
Rename field net/minecraft/block/BlockWall/EAST[2032,2036]::EAST->field_176257_M
Rename method net/minecraft/block/state/IBlockState/withProperty (Lnet/minecraft/block/properties/IProperty;Ljava/lang/Comparable;)Lnet/minecraft/block/state/IBlockState;[2072,2084]::withProperty->func_177226_a
Rename field net/minecraft/block/BlockWall/SOUTH[2086,2091]::SOUTH->field_176258_N
Rename method net/minecraft/block/state/IBlockState/withProperty (Lnet/minecraft/block/properties/IProperty;Ljava/lang/Comparable;)Lnet/minecraft/block/state/IBlockState;[2126,2138]::withProperty->func_177226_a
Rename field net/minecraft/block/BlockWall/WEST[2140,2144]::WEST->field_176259_O
Rename method net/minecraft/block/Block/getSubBlocks (Lnet/minecraft/creativetab/CreativeTabs;Lnet/minecraft/util/NonNullList;)V[2238,2250]::getSubBlocks->func_149666_a
Import: net.minecraft.block.Block
Import: net.minecraft.block.BlockFenceGate
Import: net.minecraft.block.BlockWall
Import: net.minecraft.block.material.Material
Import: net.minecraft.block.state.IBlockState
Import: net.minecraft.creativetab.CreativeTabs
Import: net.minecraft.init.Blocks
Import: net.minecraft.item.ItemStack
Import: net.minecraft.util.NonNullList
Import: net.minecraft.util.math.BlockPos
Import: net.minecraft.world.IBlockAccess
Import: net.minecraftforge.fml.relauncher.Side
Import: net.minecraftforge.fml.relauncher.SideOnly
End  Processing: ryoryo/polishedlib/block/BlockBaseWall.java

Start Processing: ryoryo/polishedlib/item/ItemBase.java
FOUND CONSTR method ryoryo/polishedlib/item/ItemBase/ItemBase (Ljava/lang/String;Lnet/minecraft/creativetab/CreativeTabs;)V ryoryo/polishedlib/item/ItemBase
Rename method net/minecraft/item/Item/setCreativeTab (Lnet/minecraft/creativetab/CreativeTabs;)Lnet/minecraft/item/Item;[218,232]::setCreativeTab->func_77637_a
Rename method net/minecraft/item/Item/setUnlocalizedName (Ljava/lang/String;)Lnet/minecraft/item/Item;[245,263]::setUnlocalizedName->func_77655_b
Import: net.minecraft.creativetab.CreativeTabs
Import: net.minecraft.item.Item
End  Processing: ryoryo/polishedlib/item/ItemBase.java

Start Processing: ryoryo/polishedlib/item/ItemBaseArmor.java
FOUND CONSTR method ryoryo/polishedlib/item/ItemBaseArmor/ItemBaseArmor (Lnet/minecraft/item/ItemArmor$ArmorMaterial;Lryoryo/polishedlib/util/EnumArmorType;Ljava/lang/String;Lnet/minecraft/creativetab/CreativeTabs;)V ryoryo/polishedlib/item/ItemBaseArmor
Rename method net/minecraft/item/Item/setCreativeTab (Lnet/minecraft/creativetab/CreativeTabs;)Lnet/minecraft/item/Item;[398,412]::setCreativeTab->func_77637_a
Rename method net/minecraft/item/Item/setUnlocalizedName (Ljava/lang/String;)Lnet/minecraft/item/Item;[425,443]::setUnlocalizedName->func_77655_b
Import: net.minecraft.creativetab.CreativeTabs
Import: net.minecraft.item.ItemArmor
Import: ryoryo.polishedlib.util.EnumArmorType
Adding 1 imports
        net.minecraft.item.ItemArmor.ArmorMaterial
End  Processing: ryoryo/polishedlib/item/ItemBaseArmor.java

Start Processing: ryoryo/polishedlib/item/ItemBaseFood.java
FOUND CONSTR method ryoryo/polishedlib/item/ItemBaseFood/ItemBaseFood (IFZLjava/lang/String;Lnet/minecraft/creativetab/CreativeTabs;I)V ryoryo/polishedlib/item/ItemBaseFood
Rename method net/minecraft/item/Item/setCreativeTab (Lnet/minecraft/creativetab/CreativeTabs;)Lnet/minecraft/item/Item;[423,437]::setCreativeTab->func_77637_a
Rename method net/minecraft/item/Item/setUnlocalizedName (Ljava/lang/String;)Lnet/minecraft/item/Item;[450,468]::setUnlocalizedName->func_77655_b
FOUND CONSTR method ryoryo/polishedlib/item/ItemBaseFood/ItemBaseFood (IFZLjava/lang/String;Lnet/minecraft/creativetab/CreativeTabs;)V ryoryo/polishedlib/item/ItemBaseFood
Rename method net/minecraft/item/Item/getMaxItemUseDuration (Lnet/minecraft/item/ItemStack;)I[733,754]::getMaxItemUseDuration->func_77626_a
Import: net.minecraft.creativetab.CreativeTabs
Import: net.minecraft.item.ItemFood
Import: net.minecraft.item.ItemStack
End  Processing: ryoryo/polishedlib/item/ItemBaseFood.java

Start Processing: ryoryo/polishedlib/itemblock/ItemBlockMeta.java
FOUND CONSTR method ryoryo/polishedlib/itemblock/ItemBlockMeta/ItemBlockMeta (Lnet/minecraft/block/Block;Lnet/minecraft/item/ItemMultiTexture$Mapper;)V ryoryo/polishedlib/itemblock/ItemBlockMeta
FOUND CONSTR method ryoryo/polishedlib/itemblock/ItemBlockMeta/ItemBlockMeta (Lnet/minecraft/block/Block;[Ljava/lang/String;)V ryoryo/polishedlib/itemblock/ItemBlockMeta
Rename method net/minecraft/item/Item/getUnlocalizedName (Lnet/minecraft/item/ItemStack;)Ljava/lang/String;[450,468]::getUnlocalizedName->func_77667_c
Rename method net/minecraft/item/Item/getUnlocalizedName ()Ljava/lang/String;[500,518]::getUnlocalizedName->func_77658_a
Rename field net/minecraft/item/ItemMultiTexture/nameFunction[528,540]::nameFunction->field_179228_c
Import: net.minecraft.block.Block
Import: net.minecraft.item.ItemMultiTexture
Import: net.minecraft.item.ItemStack
Adding 1 imports
        net.minecraft.item.ItemMultiTexture.Mapper
End  Processing: ryoryo/polishedlib/itemblock/ItemBlockMeta.java

Start Processing: ryoryo/polishedlib/itemblock/ItemBlockSimple.java
FOUND CONSTR method ryoryo/polishedlib/itemblock/ItemBlockSimple/ItemBlockSimple (Lnet/minecraft/block/Block;)V ryoryo/polishedlib/itemblock/ItemBlockSimple
Rename method net/minecraft/item/Item/setHasSubtypes (Z)Lnet/minecraft/item/Item;[233,247]::setHasSubtypes->func_77627_a
Rename method net/minecraft/item/Item/getMetadata (I)I[322,333]::getMetadata->func_77647_b
Import: net.minecraft.block.Block
Import: net.minecraft.item.ItemBlock
End  Processing: ryoryo/polishedlib/itemblock/ItemBlockSimple.java

Start Processing: ryoryo/polishedlib/proxy/ClientProxy.java
End  Processing: ryoryo/polishedlib/proxy/ClientProxy.java

Start Processing: ryoryo/polishedlib/proxy/CommonProxy.java
Import: net.minecraftforge.fml.common.event.FMLInitializationEvent
Import: net.minecraftforge.fml.common.event.FMLLoadCompleteEvent
Import: net.minecraftforge.fml.common.event.FMLPostInitializationEvent
Import: net.minecraftforge.fml.common.event.FMLPreInitializationEvent
End  Processing: ryoryo/polishedlib/proxy/CommonProxy.java

Start Processing: ryoryo/polishedlib/util/EnumArmorType.java
Rename method net/minecraft/inventory/EntityEquipmentSlot/getIndex ()I[193,201]::getIndex->func_188454_b
Rename method net/minecraft/inventory/EntityEquipmentSlot/getIndex ()I[294,302]::getIndex->func_188454_b
Rename method net/minecraft/inventory/EntityEquipmentSlot/getIndex ()I[389,397]::getIndex->func_188454_b
Rename method net/minecraft/inventory/EntityEquipmentSlot/getIndex ()I[478,486]::getIndex->func_188454_b
FOUND CONSTR method ryoryo/polishedlib/util/EnumArmorType/EnumArmorType (Ljava/lang/String;ILnet/minecraft/inventory/EntityEquipmentSlot;I)V ryoryo/polishedlib/util/EnumArmorType
Import: net.minecraft.inventory.EntityEquipmentSlot
End  Processing: ryoryo/polishedlib/util/EnumArmorType.java

Start Processing: ryoryo/polishedlib/util/EnumColor.java
FOUND CONSTR method ryoryo/polishedlib/util/EnumColor/EnumColor (Ljava/lang/String;Ljava/lang/String;III)V ryoryo/polishedlib/util/EnumColor
FOUND CONSTR method ryoryo/polishedlib/util/EnumColor/EnumColor (Ljava/lang/String;Ljava/lang/String;Ljava/lang/String;Ljava/lang/String;III)V ryoryo/polishedlib/util/EnumColor
Rename method net/minecraft/util/IStringSerializable/getName ()Ljava/lang/String;[2495,2502]::getName->func_176610_l
Rename field net/minecraft/init/Items/DYE[3312,3315]::DYE->field_151100_aR
Rename field net/minecraft/init/Blocks/WOOL[3498,3502]::WOOL->field_150325_L
Rename method net/minecraft/util/IStringSerializable/getName ()Ljava/lang/String;[5364,5371]::getName->func_176610_l
Rename method net/minecraft/util/IStringSerializable/getName ()Ljava/lang/String;[5425,5432]::getName->func_176610_l
Import: net.minecraft.init.Blocks
Import: net.minecraft.init.Items
Import: net.minecraft.item.EnumDyeColor
Import: net.minecraft.item.ItemStack
Import: net.minecraft.util.IStringSerializable
End  Processing: ryoryo/polishedlib/util/EnumColor.java

Start Processing: ryoryo/polishedlib/util/EnumPlanks.java
FOUND CONSTR method ryoryo/polishedlib/util/EnumPlanks/EnumPlanks (ILjava/lang/String;)V ryoryo/polishedlib/util/EnumPlanks
FOUND CONSTR method ryoryo/polishedlib/util/EnumPlanks/EnumPlanks (IILjava/lang/String;)V ryoryo/polishedlib/util/EnumPlanks
FOUND CONSTR method ryoryo/polishedlib/util/EnumPlanks/EnumPlanks (IILjava/lang/String;Ljava/lang/String;)V ryoryo/polishedlib/util/EnumPlanks
Rename method net/minecraft/util/IStringSerializable/getName ()Ljava/lang/String;[1355,1362]::getName->func_176610_l
Rename field net/minecraft/init/Blocks/LOG2[2393,2397]::LOG2->field_150363_s
Rename field net/minecraft/init/Blocks/LOG[2417,2420]::LOG->field_150364_r
Rename field net/minecraft/init/Blocks/LEAVES2[2621,2628]::LEAVES2->field_150361_u
Rename field net/minecraft/init/Blocks/LEAVES[2645,2651]::LEAVES->field_150362_t
Rename field net/minecraft/init/Blocks/PLANKS[2774,2780]::PLANKS->field_150344_f
New Key: class net/minecraft/block/BlockPlanks
New Key: class net/minecraft/block/BlockPlanks
New Key: class net/minecraft/block/BlockPlanks
New Key: class net/minecraft/block/BlockPlanks
New Key: class net/minecraft/block/BlockPlanks
New Key: class net/minecraft/block/BlockPlanks
New Key: class net/minecraft/block/BlockPlanks
Import: net.minecraft.block.Block
Import: net.minecraft.block.BlockPlanks
Import: net.minecraft.init.Blocks
Import: net.minecraft.item.ItemStack
Import: net.minecraft.util.IStringSerializable
End  Processing: ryoryo/polishedlib/util/EnumPlanks.java

Start Processing: ryoryo/polishedlib/util/EnumSimpleFacing.java
FOUND CONSTR method ryoryo/polishedlib/util/EnumSimpleFacing/EnumSimpleFacing (ILjava/lang/String;Lnet/minecraft/util/EnumFacing;Lnet/minecraft/util/EnumFacing$Axis;)V ryoryo/polishedlib/util/EnumSimpleFacing
Rename method net/minecraft/util/IStringSerializable/getName ()Ljava/lang/String;[750,757]::getName->func_176610_l
Import: net.minecraft.util.EnumFacing
Import: net.minecraft.util.EnumFacing.Axis
Import: net.minecraft.util.IStringSerializable
End  Processing: ryoryo/polishedlib/util/EnumSimpleFacing.java

Start Processing: ryoryo/polishedlib/util/LibTool.java
End  Processing: ryoryo/polishedlib/util/LibTool.java

Start Processing: ryoryo/polishedlib/util/ModCompat.java
Import: net.minecraftforge.fml.common.Loader
End  Processing: ryoryo/polishedlib/util/ModCompat.java

Start Processing: ryoryo/polishedlib/util/References.java
Rename method net/minecraft/client/Minecraft/getMinecraft ()Lnet/minecraft/client/Minecraft;[1827,1839]::getMinecraft->func_71410_x
Rename method net/minecraft/client/Minecraft/getVersion ()Ljava/lang/String;[1842,1852]::getVersion->func_175600_c
Import: java.text.SimpleDateFormat
Import: java.util.Calendar
Adding 1 imports
        net.minecraft.client.Minecraft
End  Processing: ryoryo/polishedlib/util/References.java

Start Processing: ryoryo/polishedlib/util/Utils.java
Rename method net/minecraft/block/properties/PropertyBool/create (Ljava/lang/String;)Lnet/minecraft/block/properties/PropertyBool;[7379,7385]::create->func_177716_a
Rename method net/minecraft/block/properties/PropertyBool/create (Ljava/lang/String;)Lnet/minecraft/block/properties/PropertyBool;[7459,7465]::create->func_177716_a
Rename method net/minecraft/block/properties/PropertyBool/create (Ljava/lang/String;)Lnet/minecraft/block/properties/PropertyBool;[7538,7544]::create->func_177716_a
Rename method net/minecraft/block/properties/PropertyBool/create (Ljava/lang/String;)Lnet/minecraft/block/properties/PropertyBool;[7616,7622]::create->func_177716_a
Rename method net/minecraft/block/properties/PropertyBool/create (Ljava/lang/String;)Lnet/minecraft/block/properties/PropertyBool;[7692,7698]::create->func_177716_a
Rename method net/minecraft/block/properties/PropertyBool/create (Ljava/lang/String;)Lnet/minecraft/block/properties/PropertyBool;[7768,7774]::create->func_177716_a
Rename method net/minecraft/block/properties/PropertyBool/create (Ljava/lang/String;)Lnet/minecraft/block/properties/PropertyBool;[7845,7851]::create->func_177716_a
Rename method net/minecraft/block/properties/PropertyBool/create (Ljava/lang/String;)Lnet/minecraft/block/properties/PropertyBool;[7924,7930]::create->func_177716_a
Rename field net/minecraft/block/BlockDirectional/FACING[8021,8027]::FACING->field_176387_N
Rename field net/minecraft/block/BlockHorizontal/FACING[8113,8119]::FACING->field_185512_D
Rename method net/minecraft/block/properties/PropertyEnum/create (Ljava/lang/String;Ljava/lang/Class;)Lnet/minecraft/block/properties/PropertyEnum;[8197,8203]::create->func_177709_a
Rename method net/minecraft/block/properties/PropertyEnum/create (Ljava/lang/String;Ljava/lang/Class;)Lnet/minecraft/block/properties/PropertyEnum;[8333,8339]::create->func_177709_a
Rename method net/minecraft/block/properties/PropertyEnum/create (Ljava/lang/String;Ljava/lang/Class;)Lnet/minecraft/block/properties/PropertyEnum;[8463,8469]::create->func_177709_a
Rename method net/minecraft/command/ICommandSender/sendMessage (Lnet/minecraft/util/text/ITextComponent;)V[9872,9883]::sendMessage->func_145747_a
Rename method net/minecraft/command/ICommandSender/sendMessage (Lnet/minecraft/util/text/ITextComponent;)V[10218,10229]::sendMessage->func_145747_a
Rename method net/minecraft/command/ICommandSender/sendMessage (Lnet/minecraft/util/text/ITextComponent;)V[10500,10511]::sendMessage->func_145747_a
Rename method net/minecraft/util/text/translation/I18n/translateToLocal (Ljava/lang/String;)Ljava/lang/String;[10887,10903]::translateToLocal->func_74838_a
Rename method net/minecraft/util/text/translation/I18n/translateToLocalFormatted (Ljava/lang/String;[Ljava/lang/Object;)Ljava/lang/String;[11095,11120]::translateToLocalFormatted->func_74837_a
Rename method net/minecraft/world/World/getWorldInfo ()Lnet/minecraft/world/storage/WorldInfo;[14655,14667]::getWorldInfo->func_72912_H
Rename method net/minecraft/world/storage/WorldInfo/getWorldTime ()J[14670,14682]::getWorldTime->func_76073_f
Rename method net/minecraft/world/World/getWorldInfo ()Lnet/minecraft/world/storage/WorldInfo;[14869,14881]::getWorldInfo->func_72912_H
Rename method net/minecraft/world/storage/WorldInfo/getWorldTime ()J[14884,14896]::getWorldTime->func_76073_f
Rename method net/minecraft/world/World/getWorldInfo ()Lnet/minecraft/world/storage/WorldInfo;[15094,15106]::getWorldInfo->func_72912_H
Rename method net/minecraft/world/storage/WorldInfo/getWorldTime ()J[15109,15121]::getWorldTime->func_76073_f
Rename method net/minecraft/util/math/MathHelper/floor (D)I[18543,18548]::floor->func_76128_c
Rename field net/minecraft/entity/Entity/rotationYaw[18573,18584]::rotationYaw->field_70177_z
Rename method net/minecraft/util/math/MathHelper/floor (D)I[18792,18797]::floor->func_76128_c
Rename field net/minecraft/entity/Entity/rotationYaw[18822,18833]::rotationYaw->field_70177_z
Rename method net/minecraft/util/math/MathHelper/floor (D)I[19057,19062]::floor->func_76128_c
Rename field net/minecraft/entity/Entity/rotationYaw[19087,19098]::rotationYaw->field_70177_z
Rename method net/minecraft/util/math/MathHelper/floor (D)I[19435,19440]::floor->func_76128_c
Rename field net/minecraft/entity/Entity/rotationYaw[19465,19476]::rotationYaw->field_70177_z
Rename method net/minecraft/client/Minecraft/getMinecraft ()Lnet/minecraft/client/Minecraft;[19646,19658]::getMinecraft->func_71410_x
Rename field net/minecraft/client/Minecraft/player[19661,19667]::player->field_71439_g
Rename method net/minecraft/client/Minecraft/getMinecraft ()Lnet/minecraft/client/Minecraft;[19815,19827]::getMinecraft->func_71410_x
Rename field net/minecraft/client/Minecraft/world[19830,19835]::world->field_71441_e
Rename field net/minecraft/world/World/provider[19985,19993]::provider->field_73011_w
Rename field net/minecraft/world/World/provider[20271,20279]::provider->field_73011_w
Rename method net/minecraft/world/WorldProvider/getDimensionType ()Lnet/minecraft/world/DimensionType;[20285,20301]::getDimensionType->func_186058_p
Rename method net/minecraft/world/DimensionType/getName ()Ljava/lang/String;[20301,20308]::getName->func_186065_b
Rename field net/minecraft/entity/player/EntityPlayer/capabilities[20588,20600]::capabilities->field_71075_bZ
Rename field net/minecraft/entity/player/PlayerCapabilities/isCreativeMode[20603,20617]::isCreativeMode->field_75098_d
Rename field net/minecraft/entity/player/EntityPlayer/capabilities[20877,20889]::capabilities->field_71075_bZ
Rename field net/minecraft/entity/player/PlayerCapabilities/isFlying[20892,20900]::isFlying->field_75100_b
Rename method net/minecraft/entity/player/EntityPlayer/isSpectator ()Z[21203,21214]::isSpectator->func_175149_v
Rename method net/minecraft/entity/EntityLivingBase/getHeldItemMainhand ()Lnet/minecraft/item/ItemStack;[21515,21534]::getHeldItemMainhand->func_184614_ca
Rename method net/minecraft/entity/EntityLivingBase/getHeldItemOffhand ()Lnet/minecraft/item/ItemStack;[21850,21868]::getHeldItemOffhand->func_184592_cb
Rename method net/minecraft/item/ItemStack/getItem ()Lnet/minecraft/item/Item;[22565,22572]::getItem->func_77973_b
Rename method net/minecraft/item/ItemStack/getItem ()Lnet/minecraft/item/Item;[22894,22901]::getItem->func_77973_b
Rename method net/minecraft/item/crafting/IRecipe/getRecipeOutput ()Lnet/minecraft/item/ItemStack;[23657,23672]::getRecipeOutput->func_77571_b
Rename method net/minecraft/item/ItemStack/isItemEqual (Lnet/minecraft/item/ItemStack;)Z[23710,23721]::isItemEqual->func_77969_a
Rename method net/minecraft/item/crafting/FurnaceRecipes/instance ()Lnet/minecraft/item/crafting/FurnaceRecipes;[24006,24014]::instance->func_77602_a
Rename method net/minecraft/item/crafting/FurnaceRecipes/getSmeltingList ()Ljava/util/Map;[24021,24036]::getSmeltingList->func_77599_b
Rename method net/minecraft/item/crafting/FurnaceRecipes/instance ()Lnet/minecraft/item/crafting/FurnaceRecipes;[24195,24203]::instance->func_77602_a
Rename method net/minecraft/item/crafting/FurnaceRecipes/getSmeltingList ()Ljava/util/Map;[24210,24225]::getSmeltingList->func_77599_b
Rename method net/minecraft/item/ItemStack/isItemEqual (Lnet/minecraft/item/ItemStack;)Z[24527,24538]::isItemEqual->func_77969_a
Rename method net/minecraft/item/ItemStack/isItemEqual (Lnet/minecraft/item/ItemStack;)Z[25003,25014]::isItemEqual->func_77969_a
Rename method net/minecraft/item/ItemStack/getItem ()Lnet/minecraft/item/Item;[25658,25665]::getItem->func_77973_b
Rename method net/minecraft/item/ItemStack/getItemDamage ()I[25689,25702]::getItemDamage->func_77952_i
Rename field net/minecraft/item/ItemStack/EMPTY[25740,25745]::EMPTY->field_190927_a
Rename method net/minecraft/item/crafting/IRecipe/getIngredients ()Lnet/minecraft/util/NonNullList;[27072,27086]::getIngredients->func_192400_c
Rename method net/minecraft/item/crafting/Ingredient/getMatchingStacks ()[Lnet/minecraft/item/ItemStack;[27137,27154]::getMatchingStacks->func_193365_a
Rename method net/minecraft/item/crafting/IRecipe/getIngredients ()Lnet/minecraft/util/NonNullList;[27644,27658]::getIngredients->func_192400_c
Rename method net/minecraft/item/crafting/Ingredient/getMatchingStacks ()[Lnet/minecraft/item/ItemStack;[27709,27726]::getMatchingStacks->func_193365_a
Rename field net/minecraft/init/Items/STICK[28049,28054]::STICK->field_151055_y
Rename field net/minecraft/init/Items/STICK[28351,28356]::STICK->field_151055_y
Rename field net/minecraft/init/Items/STICK[28644,28649]::STICK->field_151055_y
Rename field net/minecraft/init/Items/STICK[29364,29369]::STICK->field_151055_y
Rename method net/minecraft/entity/EntityList/getKey (Ljava/lang/Class;)Lnet/minecraft/util/ResourceLocation;[32181,32187]::getKey->func_191306_a
Rename field net/minecraft/entity/EntityList/ENTITY_EGGS[32387,32398]::ENTITY_EGGS->field_75627_a
Rename method net/minecraft/entity/EntityList/getKey (Lnet/minecraft/entity/Entity;)Lnet/minecraft/util/ResourceLocation;[32424,32430]::getKey->func_191301_a
Rename method net/minecraft/item/Item/getItemFromBlock (Lnet/minecraft/block/Block;)Lnet/minecraft/item/Item;[35408,35424]::getItemFromBlock->func_150898_a
Rename method net/minecraft/item/Item/getItemFromBlock (Lnet/minecraft/block/Block;)Lnet/minecraft/item/Item;[36616,36632]::getItemFromBlock->func_150898_a
Rename method net/minecraft/item/Item/getItemFromBlock (Lnet/minecraft/block/Block;)Lnet/minecraft/item/Item;[36743,36759]::getItemFromBlock->func_150898_a
Rename method net/minecraft/item/Item/getItemFromBlock (Lnet/minecraft/block/Block;)Lnet/minecraft/item/Item;[37380,37396]::getItemFromBlock->func_150898_a
Rename method net/minecraft/item/Item/getItemFromBlock (Lnet/minecraft/block/Block;)Lnet/minecraft/item/Item;[37507,37523]::getItemFromBlock->func_150898_a
Rename method net/minecraft/item/Item/getItemFromBlock (Lnet/minecraft/block/Block;)Lnet/minecraft/item/Item;[38071,38087]::getItemFromBlock->func_150898_a
Rename method net/minecraft/client/Minecraft/getMinecraft ()Lnet/minecraft/client/Minecraft;[39948,39960]::getMinecraft->func_71410_x
Rename method net/minecraft/client/Minecraft/getBlockColors ()Lnet/minecraft/client/renderer/color/BlockColors;[39963,39977]::getBlockColors->func_184125_al
Rename method net/minecraft/client/renderer/color/BlockColors/registerBlockColorHandler (Lnet/minecraft/client/renderer/color/IBlockColor;[Lnet/minecraft/block/Block;)V[39980,40005]::registerBlockColorHandler->func_186722_a
Rename method net/minecraft/client/Minecraft/getMinecraft ()Lnet/minecraft/client/Minecraft;[40219,40231]::getMinecraft->func_71410_x
Rename method net/minecraft/client/renderer/color/ItemColors/registerItemColorHandler (Lnet/minecraft/client/renderer/color/IItemColor;[Lnet/minecraft/item/Item;)V[40250,40274]::registerItemColorHandler->func_186730_a
Rename method net/minecraft/client/Minecraft/getMinecraft ()Lnet/minecraft/client/Minecraft;[40499,40511]::getMinecraft->func_71410_x
Rename method net/minecraft/client/renderer/color/ItemColors/registerItemColorHandler (Lnet/minecraft/client/renderer/color/IItemColor;[Lnet/minecraft/block/Block;)V[40530,40554]::registerItemColorHandler->func_186731_a
Rename method net/minecraft/world/World/getDifficulty ()Lnet/minecraft/world/EnumDifficulty;[41207,41220]::getDifficulty->func_175659_aa
Rename method net/minecraft/world/World/getDifficulty ()Lnet/minecraft/world/EnumDifficulty;[41369,41382]::getDifficulty->func_175659_aa
Rename method net/minecraft/world/World/getDifficulty ()Lnet/minecraft/world/EnumDifficulty;[41552,41565]::getDifficulty->func_175659_aa
Rename method net/minecraft/util/math/BlockPos/east ()Lnet/minecraft/util/math/BlockPos;[41839,41843]::east->func_177974_f
Rename method net/minecraft/util/math/BlockPos/west ()Lnet/minecraft/util/math/BlockPos;[41886,41890]::west->func_177976_e
Rename method net/minecraft/util/math/BlockPos/south ()Lnet/minecraft/util/math/BlockPos;[41932,41937]::south->func_177968_d
Rename method net/minecraft/util/math/BlockPos/north ()Lnet/minecraft/util/math/BlockPos;[41978,41983]::north->func_177978_c
Rename method net/minecraft/util/math/BlockPos/west ()Lnet/minecraft/util/math/BlockPos;[42245,42249]::west->func_177976_e
Rename method net/minecraft/util/math/BlockPos/east ()Lnet/minecraft/util/math/BlockPos;[42292,42296]::east->func_177974_f
Rename method net/minecraft/util/math/BlockPos/north ()Lnet/minecraft/util/math/BlockPos;[42338,42343]::north->func_177978_c
Rename method net/minecraft/util/math/BlockPos/south ()Lnet/minecraft/util/math/BlockPos;[42384,42389]::south->func_177968_d
Rename method net/minecraft/util/math/BlockPos/north (I)Lnet/minecraft/util/math/BlockPos;[42672,42677]::north->func_177964_d
Rename method net/minecraft/util/math/BlockPos/south (I)Lnet/minecraft/util/math/BlockPos;[42725,42730]::south->func_177970_e
Rename method net/minecraft/util/math/BlockPos/west (I)Lnet/minecraft/util/math/BlockPos;[42777,42781]::west->func_177985_f
Rename method net/minecraft/util/math/BlockPos/east (I)Lnet/minecraft/util/math/BlockPos;[42829,42833]::east->func_177965_g
Rename method net/minecraft/util/math/BlockPos/south (I)Lnet/minecraft/util/math/BlockPos;[43123,43128]::south->func_177970_e
Rename method net/minecraft/util/math/BlockPos/north (I)Lnet/minecraft/util/math/BlockPos;[43176,43181]::north->func_177964_d
Rename method net/minecraft/util/math/BlockPos/east (I)Lnet/minecraft/util/math/BlockPos;[43228,43232]::east->func_177965_g
Rename method net/minecraft/util/math/BlockPos/west (I)Lnet/minecraft/util/math/BlockPos;[43280,43284]::west->func_177985_f
Rename method net/minecraft/block/state/IBlockProperties/getMaterial ()Lnet/minecraft/block/material/Material;[44158,44169]::getMaterial->func_185904_a
Rename field net/minecraft/block/material/Material/AIR[44186,44189]::AIR->field_151579_a
Rename method net/minecraft/block/state/IBlockState/getBlock ()Lnet/minecraft/block/Block;[44342,44350]::getBlock->func_177230_c
Rename field net/minecraft/init/Blocks/AIR[44368,44371]::AIR->field_150350_a
Rename field net/minecraft/init/Items/SPAWN_EGG[45922,45931]::SPAWN_EGG->field_151063_bx
Rename method net/minecraft/item/ItemMonsterPlacer/applyEntityIdToItemStack (Lnet/minecraft/item/ItemStack;Lnet/minecraft/util/ResourceLocation;)V[45972,45996]::applyEntityIdToItemStack->func_185078_a
Rename method net/minecraft/entity/EntityList/getKey (Ljava/lang/Class;)Lnet/minecraft/util/ResourceLocation;[46004,46010]::getKey->func_191306_a
Rename method net/minecraft/command/ICommandSender/getName ()Ljava/lang/String;[46241,46248]::getName->func_70005_c_
Rename field net/minecraft/init/Items/SKULL[46298,46303]::SKULL->field_151144_bL
Rename method net/minecraft/item/ItemStack/hasTagCompound ()Z[46359,46373]::hasTagCompound->func_77942_o
Rename method net/minecraft/item/ItemStack/getTagCompound ()Lnet/minecraft/nbt/NBTTagCompound;[46381,46395]::getTagCompound->func_77978_p
Rename method net/minecraft/nbt/NBTTagCompound/setString (Ljava/lang/String;Ljava/lang/String;)V[46475,46484]::setString->func_74778_a
Rename method net/minecraft/nbt/NBTTagCompound/setTag (Ljava/lang/String;Lnet/minecraft/nbt/NBTBase;)V[46516,46522]::setTag->func_74782_a
Rename method net/minecraft/item/ItemStack/setStackDisplayName (Ljava/lang/String;)Lnet/minecraft/item/ItemStack;[46558,46577]::setStackDisplayName->func_151001_c
Rename method net/minecraft/util/text/translation/I18n/translateToLocalFormatted (Ljava/lang/String;[Ljava/lang/Object;)Ljava/lang/String;[46600,46625]::translateToLocalFormatted->func_74837_a
Rename method net/minecraft/nbt/NBTTagCompound/hasKey (Ljava/lang/String;)Z[47440,47446]::hasKey->func_74764_b
Rename method net/minecraft/nbt/NBTTagCompound/getCompoundTag (Ljava/lang/String;)Lnet/minecraft/nbt/NBTTagCompound;[47512,47526]::getCompoundTag->func_74775_l
Rename method net/minecraft/entity/Entity/getArmorInventoryList ()Ljava/lang/Iterable;[47961,47982]::getArmorInventoryList->func_184193_aE
Rename method net/minecraft/item/ItemStack/getItem ()Lnet/minecraft/item/Item;[48012,48019]::getItem->func_77973_b
Rename method net/minecraft/item/ItemStack/getItem ()Lnet/minecraft/item/Item;[48298,48305]::getItem->func_77973_b
Rename method net/minecraft/item/ItemStack/getItemDamage ()I[48328,48341]::getItemDamage->func_77952_i
Rename method net/minecraft/block/Block/getCreativeTabToDisplayOn ()Lnet/minecraft/creativetab/CreativeTabs;[49174,49199]::getCreativeTabToDisplayOn->func_149708_J
Rename method net/minecraft/item/Item/getCreativeTab ()Lnet/minecraft/creativetab/CreativeTabs;[49854,49868]::getCreativeTab->func_77640_w
Rename method net/minecraft/entity/ai/attributes/IAttribute/getName ()Ljava/lang/String;[50673,50680]::getName->func_111108_a
Rename method net/minecraft/entity/ai/attributes/AttributeModifier/getID ()Ljava/util/UUID;[50868,50873]::getID->func_111167_a
Rename method net/minecraft/entity/ai/attributes/AttributeModifier/getID ()Ljava/util/UUID;[51126,51131]::getID->func_111167_a
Rename method net/minecraft/entity/ai/attributes/AttributeModifier/getName ()Ljava/lang/String;[51152,51159]::getName->func_111166_b
Rename method net/minecraft/entity/ai/attributes/AttributeModifier/getAmount ()D[51178,51187]::getAmount->func_111164_d
Rename method net/minecraft/entity/ai/attributes/AttributeModifier/getOperation ()I[51217,51229]::getOperation->func_111169_c
Rename field net/minecraft/entity/Entity/world[52111,52116]::world->field_70170_p
Rename field net/minecraft/entity/Entity/world[52186,52191]::world->field_70170_p
Rename method net/minecraft/world/World/getTotalWorldTime ()J[52200,52217]::getTotalWorldTime->func_82737_E
Rename method net/minecraft/util/math/MathHelper/rgb (FFF)I[52245,52248]::rgb->func_180183_b
Rename method net/minecraft/item/ItemStack/copy ()Lnet/minecraft/item/ItemStack;[52838,52842]::copy->func_77946_l
Rename field net/minecraft/entity/player/EntityPlayer/openContainer[53057,53070]::openContainer->field_71070_bA
Rename field net/minecraft/inventory/Container/inventorySlots[53102,53116]::inventorySlots->field_75151_b
Rename method net/minecraft/inventory/Container/getSlot (I)Lnet/minecraft/inventory/Slot;[53163,53170]::getSlot->func_75139_a
Rename method net/minecraft/inventory/Slot/getStack ()Lnet/minecraft/item/ItemStack;[53179,53187]::getStack->func_75211_c
Rename field net/minecraft/inventory/Container/inventoryItemStacks[53236,53255]::inventoryItemStacks->field_75153_a
Rename method net/minecraft/item/ItemStack/copy ()Lnet/minecraft/item/ItemStack;[53261,53265]::copy->func_77946_l
Rename field net/minecraft/entity/Entity/posX[54018,54022]::posX->field_70165_t
Rename field net/minecraft/entity/Entity/lastTickPosX[54042,54054]::lastTickPosX->field_70142_S
Rename field net/minecraft/entity/Entity/posY[54066,54070]::posY->field_70163_u
Rename field net/minecraft/entity/Entity/lastTickPosY[54090,54102]::lastTickPosY->field_70137_T
Rename field net/minecraft/entity/Entity/posZ[54114,54118]::posZ->field_70161_v
Rename field net/minecraft/entity/Entity/lastTickPosZ[54138,54150]::lastTickPosZ->field_70136_U
Import: java.lang.reflect.Field
Import: java.util.ArrayList
Import: java.util.Arrays
Import: java.util.Collection
Import: java.util.Iterator
Import: java.util.List
Import: java.util.Map
Import: java.util.Optional
Import: java.util.UUID
Adding 76 imports
        com.google.common.collect.Multimap
        javax.annotation.Nonnull
        net.minecraft.advancements.Advancement
        net.minecraft.block.Block
        net.minecraft.block.BlockDirectional
        net.minecraft.block.BlockHorizontal
        net.minecraft.block.material.Material
        net.minecraft.block.properties.PropertyBool
        net.minecraft.block.properties.PropertyDirection
        net.minecraft.block.properties.PropertyEnum
        net.minecraft.block.state.IBlockState
        net.minecraft.client.Minecraft
        net.minecraft.client.renderer.block.model.ModelBakery
        net.minecraft.client.renderer.block.model.ModelResourceLocation
        net.minecraft.client.renderer.color.IBlockColor
        net.minecraft.client.renderer.color.IItemColor
        net.minecraft.client.settings.KeyBinding
        net.minecraft.creativetab.CreativeTabs
        net.minecraft.entity.Entity
        net.minecraft.entity.EntityList
        net.minecraft.entity.EntityLiving
        net.minecraft.entity.EnumCreatureType
        net.minecraft.entity.ai.attributes.AttributeModifier
        net.minecraft.entity.ai.attributes.IAttribute
        net.minecraft.entity.player.EntityPlayer
        net.minecraft.init.Blocks
        net.minecraft.init.Items
        net.minecraft.inventory.Container
        net.minecraft.item.Item
        net.minecraft.item.ItemArmor
        net.minecraft.item.ItemBlock
        net.minecraft.item.ItemMonsterPlacer
        net.minecraft.item.ItemStack
        net.minecraft.item.crafting.FurnaceRecipes
        net.minecraft.item.crafting.IRecipe
        net.minecraft.item.crafting.Ingredient
        net.minecraft.nbt.NBTTagCompound
        net.minecraft.util.EnumFacing
        net.minecraft.util.EnumFacing.Axis
        net.minecraft.util.EnumParticleTypes
        net.minecraft.util.NonNullList
        net.minecraft.util.ResourceLocation
        net.minecraft.util.math.AxisAlignedBB
        net.minecraft.util.math.BlockPos
        net.minecraft.util.math.MathHelper
        net.minecraft.util.text.TextComponentString
        net.minecraft.util.text.TextComponentTranslation
        net.minecraft.util.text.TextFormatting
        net.minecraft.util.text.translation.I18n
        net.minecraft.world.EnumDifficulty
        net.minecraft.world.World
        net.minecraft.world.biome.Biome
        net.minecraftforge.client.model.ModelLoader
        net.minecraftforge.common.DungeonHooks
        net.minecraftforge.common.MinecraftForge
        net.minecraftforge.common.config.Configuration
        net.minecraftforge.common.util.EnumHelper
        net.minecraftforge.fml.client.registry.ClientRegistry
        net.minecraftforge.fml.client.registry.IRenderFactory
        net.minecraftforge.fml.client.registry.RenderingRegistry
        net.minecraftforge.fml.common.FMLCommonHandler
        net.minecraftforge.fml.common.IFuelHandler
        net.minecraftforge.fml.common.registry.EntityRegistry
        net.minecraftforge.fml.common.registry.ForgeRegistries
        net.minecraftforge.fml.common.registry.GameRegistry
        net.minecraftforge.fml.relauncher.ReflectionHelper
        net.minecraftforge.fml.relauncher.Side
        net.minecraftforge.fml.relauncher.SideOnly
        net.minecraftforge.items.ItemHandlerHelper
        net.minecraftforge.oredict.OreDictionary
        net.minecraftforge.oredict.OreIngredient
        net.minecraftforge.oredict.ShapedOreRecipe
        net.minecraftforge.oredict.ShapelessOreRecipe
        org.apache.logging.log4j.Level
        org.apache.logging.log4j.LogManager
        org.apache.logging.log4j.Logger
End  Processing: ryoryo/polishedlib/util/Utils.java

